<?xml version="1.0" encoding="UTF-8"?>
<robot generator="Robot 3.2.1 (Python 3.8.2 on win32)" generated="20210324 20:37:46.270" rpa="false">
<suite id="s1" name="Cadastro" source="C:\Teste\Stefanini\cadastro.robot">
<test id="s1-t1" name="Validar acesso a tela precipal">
<kw name="Open session" library="base" type="setup">
<kw name="Open Browser" library="SeleniumLibrary">
<doc>Opens a new browser instance to the optional ``url``.</doc>
<arguments>
<arg>about:blank</arg>
<arg>chrome</arg>
</arguments>
<msg timestamp="20210324 20:37:46.519" level="INFO">Opening browser 'chrome' to base url 'about:blank'.</msg>
<status status="PASS" starttime="20210324 20:37:46.518" endtime="20210324 20:37:47.780"></status>
</kw>
<status status="PASS" starttime="20210324 20:37:46.518" endtime="20210324 20:37:47.780"></status>
</kw>
<kw name="Dado que acesso a página principal" library="elementos">
<kw name="Go To" library="SeleniumLibrary">
<doc>Navigates the current browser window to the provided ``url``.</doc>
<arguments>
<arg>${base_url}</arg>
</arguments>
<msg timestamp="20210324 20:37:47.782" level="INFO">Opening url 'http://prova.stefanini-jgr.com.br/teste/qa/'</msg>
<status status="PASS" starttime="20210324 20:37:47.781" endtime="20210324 20:37:49.058"></status>
</kw>
<status status="PASS" starttime="20210324 20:37:47.781" endtime="20210324 20:37:49.058"></status>
</kw>
<kw name="Quando valido o nome da pagina" library="elementos">
<kw name="Title Should Be" library="SeleniumLibrary">
<doc>Verifies that the current page title equals ``title``.</doc>
<arguments>
<arg>${Titulo}</arg>
</arguments>
<msg timestamp="20210324 20:37:49.067" level="INFO">Page title is 'Cadastro de usuários'.</msg>
<status status="PASS" starttime="20210324 20:37:49.059" endtime="20210324 20:37:49.067"></status>
</kw>
<status status="PASS" starttime="20210324 20:37:49.059" endtime="20210324 20:37:49.067"></status>
</kw>
<kw name="Então estou na pagina correta" library="elementos">
<kw name="Page Should Contain" library="SeleniumLibrary">
<doc>Verifies that current page contains ``text``.</doc>
<arguments>
<arg>${Validação}</arg>
</arguments>
<msg timestamp="20210324 20:37:49.092" level="INFO">Current page contains text 'Formulário'.</msg>
<status status="PASS" starttime="20210324 20:37:49.070" endtime="20210324 20:37:49.092"></status>
</kw>
<status status="PASS" starttime="20210324 20:37:49.068" endtime="20210324 20:37:49.092"></status>
</kw>
<kw name="Close session" library="base" type="teardown">
<kw name="Capture Page Screenshot" library="SeleniumLibrary">
<doc>Takes a screenshot of the current page and embeds it into a log file.</doc>
<msg timestamp="20210324 20:37:49.497" level="INFO" html="yes">&lt;/td&gt;&lt;/tr&gt;&lt;tr&gt;&lt;td colspan="3"&gt;&lt;a href="selenium-screenshot-1.png"&gt;&lt;img src="selenium-screenshot-1.png" width="800px"&gt;&lt;/a&gt;</msg>
<status status="PASS" starttime="20210324 20:37:49.095" endtime="20210324 20:37:49.497"></status>
</kw>
<kw name="Close Browser" library="SeleniumLibrary">
<doc>Closes the current browser.</doc>
<status status="PASS" starttime="20210324 20:37:49.497" endtime="20210324 20:37:51.610"></status>
</kw>
<status status="PASS" starttime="20210324 20:37:49.094" endtime="20210324 20:37:51.610"></status>
</kw>
<status status="PASS" starttime="20210324 20:37:46.517" endtime="20210324 20:37:51.611" critical="yes"></status>
</test>
<test id="s1-t2" name="Validar nome não infromado">
<kw name="Open session" library="base" type="setup">
<kw name="Open Browser" library="SeleniumLibrary">
<doc>Opens a new browser instance to the optional ``url``.</doc>
<arguments>
<arg>about:blank</arg>
<arg>chrome</arg>
</arguments>
<msg timestamp="20210324 20:37:51.614" level="INFO">Opening browser 'chrome' to base url 'about:blank'.</msg>
<status status="PASS" starttime="20210324 20:37:51.614" endtime="20210324 20:37:52.792"></status>
</kw>
<status status="PASS" starttime="20210324 20:37:51.614" endtime="20210324 20:37:52.793"></status>
</kw>
<kw name="Dado que acesso a página principal" library="elementos">
<kw name="Go To" library="SeleniumLibrary">
<doc>Navigates the current browser window to the provided ``url``.</doc>
<arguments>
<arg>${base_url}</arg>
</arguments>
<msg timestamp="20210324 20:37:52.799" level="INFO">Opening url 'http://prova.stefanini-jgr.com.br/teste/qa/'</msg>
<status status="PASS" starttime="20210324 20:37:52.798" endtime="20210324 20:37:54.136"></status>
</kw>
<status status="PASS" starttime="20210324 20:37:52.794" endtime="20210324 20:37:54.137"></status>
</kw>
<kw name="Quando submeto o meu nome &quot;${EMPTY}&quot;" library="elementos">
<kw name="Input Text" library="SeleniumLibrary">
<doc>Types the given ``text`` into the text field identified by ``locator``.</doc>
<arguments>
<arg>${CAMPO_EMAIL}</arg>
<arg>${email}</arg>
</arguments>
<msg timestamp="20210324 20:37:54.139" level="INFO">Typing text 'email@exemplo.com' into text field 'id:email'.</msg>
<status status="PASS" starttime="20210324 20:37:54.139" endtime="20210324 20:37:54.304"></status>
</kw>
<kw name="Input Password" library="SeleniumLibrary">
<doc>Types the given password into the text field identified by ``locator``.</doc>
<arguments>
<arg>${CAMPO_SENHA}</arg>
<arg>${senha}</arg>
</arguments>
<msg timestamp="20210324 20:37:54.305" level="INFO">Typing password into text field 'id:password'.</msg>
<msg timestamp="20210324 20:37:54.357" level="INFO">Temporally setting log level to: NONE</msg>
<msg timestamp="20210324 20:37:54.420" level="INFO">Log level changed from NONE to INFO.</msg>
<status status="PASS" starttime="20210324 20:37:54.304" endtime="20210324 20:37:54.420"></status>
</kw>
<kw name="Click Element" library="SeleniumLibrary">
<doc>Click the element identified by ``locator``.</doc>
<arguments>
<arg>${BOTAO_CADASTRAR}</arg>
</arguments>
<msg timestamp="20210324 20:37:54.421" level="INFO">Clicking element 'id:register'.</msg>
<status status="PASS" starttime="20210324 20:37:54.420" endtime="20210324 20:37:54.485"></status>
</kw>
<status status="PASS" starttime="20210324 20:37:54.138" endtime="20210324 20:37:54.485"></status>
</kw>
<kw name="Então devo ver a mensagem de campo nome obrigadorio" library="elementos">
<kw name="Page Should Contain" library="SeleniumLibrary">
<doc>Verifies that current page contains ``text``.</doc>
<arguments>
<arg>${CAMPO_OBRIGATORIO_NOME}</arg>
</arguments>
<msg timestamp="20210324 20:37:54.506" level="INFO">Current page contains text 'O campo Nome é obrigatório.'.</msg>
<status status="PASS" starttime="20210324 20:37:54.486" endtime="20210324 20:37:54.506"></status>
</kw>
<status status="PASS" starttime="20210324 20:37:54.486" endtime="20210324 20:37:54.506"></status>
</kw>
<kw name="Close session" library="base" type="teardown">
<kw name="Capture Page Screenshot" library="SeleniumLibrary">
<doc>Takes a screenshot of the current page and embeds it into a log file.</doc>
<msg timestamp="20210324 20:37:54.928" level="INFO" html="yes">&lt;/td&gt;&lt;/tr&gt;&lt;tr&gt;&lt;td colspan="3"&gt;&lt;a href="selenium-screenshot-2.png"&gt;&lt;img src="selenium-screenshot-2.png" width="800px"&gt;&lt;/a&gt;</msg>
<status status="PASS" starttime="20210324 20:37:54.508" endtime="20210324 20:37:54.928"></status>
</kw>
<kw name="Close Browser" library="SeleniumLibrary">
<doc>Closes the current browser.</doc>
<status status="PASS" starttime="20210324 20:37:54.928" endtime="20210324 20:37:57.051"></status>
</kw>
<status status="PASS" starttime="20210324 20:37:54.507" endtime="20210324 20:37:57.051"></status>
</kw>
<status status="PASS" starttime="20210324 20:37:51.613" endtime="20210324 20:37:57.052" critical="yes"></status>
</test>
<test id="s1-t3" name="Validar email não infromado">
<kw name="Open session" library="base" type="setup">
<kw name="Open Browser" library="SeleniumLibrary">
<doc>Opens a new browser instance to the optional ``url``.</doc>
<arguments>
<arg>about:blank</arg>
<arg>chrome</arg>
</arguments>
<msg timestamp="20210324 20:37:57.055" level="INFO">Opening browser 'chrome' to base url 'about:blank'.</msg>
<status status="PASS" starttime="20210324 20:37:57.055" endtime="20210324 20:37:58.287"></status>
</kw>
<status status="PASS" starttime="20210324 20:37:57.055" endtime="20210324 20:37:58.287"></status>
</kw>
<kw name="Dado que acesso a página principal" library="elementos">
<kw name="Go To" library="SeleniumLibrary">
<doc>Navigates the current browser window to the provided ``url``.</doc>
<arguments>
<arg>${base_url}</arg>
</arguments>
<msg timestamp="20210324 20:37:58.289" level="INFO">Opening url 'http://prova.stefanini-jgr.com.br/teste/qa/'</msg>
<status status="PASS" starttime="20210324 20:37:58.288" endtime="20210324 20:37:59.577"></status>
</kw>
<status status="PASS" starttime="20210324 20:37:58.288" endtime="20210324 20:37:59.577"></status>
</kw>
<kw name="Quando submeto meu email &quot;${EMPTY}&quot;" library="elementos">
<kw name="Input Text" library="SeleniumLibrary">
<doc>Types the given ``text`` into the text field identified by ``locator``.</doc>
<arguments>
<arg>${CAMPO_NOME}</arg>
<arg>${nome}</arg>
</arguments>
<msg timestamp="20210324 20:37:59.579" level="INFO">Typing text 'João da Silva' into text field 'id:name'.</msg>
<status status="PASS" starttime="20210324 20:37:59.578" endtime="20210324 20:37:59.723"></status>
</kw>
<kw name="Input Password" library="SeleniumLibrary">
<doc>Types the given password into the text field identified by ``locator``.</doc>
<arguments>
<arg>${CAMPO_SENHA}</arg>
<arg>${senha}</arg>
</arguments>
<msg timestamp="20210324 20:37:59.724" level="INFO">Typing password into text field 'id:password'.</msg>
<msg timestamp="20210324 20:37:59.774" level="INFO">Temporally setting log level to: NONE</msg>
<msg timestamp="20210324 20:37:59.840" level="INFO">Log level changed from NONE to INFO.</msg>
<status status="PASS" starttime="20210324 20:37:59.724" endtime="20210324 20:37:59.840"></status>
</kw>
<kw name="Click Element" library="SeleniumLibrary">
<doc>Click the element identified by ``locator``.</doc>
<arguments>
<arg>${BOTAO_CADASTRAR}</arg>
</arguments>
<msg timestamp="20210324 20:37:59.840" level="INFO">Clicking element 'id:register'.</msg>
<status status="PASS" starttime="20210324 20:37:59.840" endtime="20210324 20:37:59.907"></status>
</kw>
<status status="PASS" starttime="20210324 20:37:59.578" endtime="20210324 20:37:59.907"></status>
</kw>
<kw name="Então devo ver a mensagem de campo email obrigadorio" library="elementos">
<kw name="Page Should Contain" library="SeleniumLibrary">
<doc>Verifies that current page contains ``text``.</doc>
<arguments>
<arg>${CAMPO_OBRIGATORIO_EMAIL}</arg>
</arguments>
<msg timestamp="20210324 20:37:59.928" level="INFO">Current page contains text 'O campo E-mail é obrigatório.'.</msg>
<status status="PASS" starttime="20210324 20:37:59.909" endtime="20210324 20:37:59.928"></status>
</kw>
<status status="PASS" starttime="20210324 20:37:59.908" endtime="20210324 20:37:59.928"></status>
</kw>
<kw name="Close session" library="base" type="teardown">
<kw name="Capture Page Screenshot" library="SeleniumLibrary">
<doc>Takes a screenshot of the current page and embeds it into a log file.</doc>
<msg timestamp="20210324 20:38:00.326" level="INFO" html="yes">&lt;/td&gt;&lt;/tr&gt;&lt;tr&gt;&lt;td colspan="3"&gt;&lt;a href="selenium-screenshot-3.png"&gt;&lt;img src="selenium-screenshot-3.png" width="800px"&gt;&lt;/a&gt;</msg>
<status status="PASS" starttime="20210324 20:37:59.930" endtime="20210324 20:38:00.326"></status>
</kw>
<kw name="Close Browser" library="SeleniumLibrary">
<doc>Closes the current browser.</doc>
<status status="PASS" starttime="20210324 20:38:00.326" endtime="20210324 20:38:02.437"></status>
</kw>
<status status="PASS" starttime="20210324 20:37:59.930" endtime="20210324 20:38:02.438"></status>
</kw>
<status status="PASS" starttime="20210324 20:37:57.054" endtime="20210324 20:38:02.438" critical="yes"></status>
</test>
<test id="s1-t4" name="Validar senha não informada">
<kw name="Open session" library="base" type="setup">
<kw name="Open Browser" library="SeleniumLibrary">
<doc>Opens a new browser instance to the optional ``url``.</doc>
<arguments>
<arg>about:blank</arg>
<arg>chrome</arg>
</arguments>
<msg timestamp="20210324 20:38:02.443" level="INFO">Opening browser 'chrome' to base url 'about:blank'.</msg>
<status status="PASS" starttime="20210324 20:38:02.442" endtime="20210324 20:38:03.685"></status>
</kw>
<status status="PASS" starttime="20210324 20:38:02.442" endtime="20210324 20:38:03.685"></status>
</kw>
<kw name="Dado que acesso a página principal" library="elementos">
<kw name="Go To" library="SeleniumLibrary">
<doc>Navigates the current browser window to the provided ``url``.</doc>
<arguments>
<arg>${base_url}</arg>
</arguments>
<msg timestamp="20210324 20:38:03.686" level="INFO">Opening url 'http://prova.stefanini-jgr.com.br/teste/qa/'</msg>
<status status="PASS" starttime="20210324 20:38:03.686" endtime="20210324 20:38:04.939"></status>
</kw>
<status status="PASS" starttime="20210324 20:38:03.686" endtime="20210324 20:38:04.939"></status>
</kw>
<kw name="Quando submeto minha senha &quot;${EMPTY}&quot;" library="elementos">
<kw name="Input Text" library="SeleniumLibrary">
<doc>Types the given ``text`` into the text field identified by ``locator``.</doc>
<arguments>
<arg>${CAMPO_NOME}</arg>
<arg>${nome}</arg>
</arguments>
<msg timestamp="20210324 20:38:04.940" level="INFO">Typing text 'João da Silva' into text field 'id:name'.</msg>
<status status="PASS" starttime="20210324 20:38:04.940" endtime="20210324 20:38:05.083"></status>
</kw>
<kw name="Input Text" library="SeleniumLibrary">
<doc>Types the given ``text`` into the text field identified by ``locator``.</doc>
<arguments>
<arg>${CAMPO_EMAIL}</arg>
<arg>${email}</arg>
</arguments>
<msg timestamp="20210324 20:38:05.084" level="INFO">Typing text 'email@exemplo.com' into text field 'id:email'.</msg>
<status status="PASS" starttime="20210324 20:38:05.084" endtime="20210324 20:38:05.213"></status>
</kw>
<kw name="Click Element" library="SeleniumLibrary">
<doc>Click the element identified by ``locator``.</doc>
<arguments>
<arg>${BOTAO_CADASTRAR}</arg>
</arguments>
<msg timestamp="20210324 20:38:05.213" level="INFO">Clicking element 'id:register'.</msg>
<status status="PASS" starttime="20210324 20:38:05.213" endtime="20210324 20:38:05.279"></status>
</kw>
<status status="PASS" starttime="20210324 20:38:04.940" endtime="20210324 20:38:05.279"></status>
</kw>
<kw name="Então devo ver a mensagem de campo senha obrigadorio" library="elementos">
<kw name="Page Should Contain" library="SeleniumLibrary">
<doc>Verifies that current page contains ``text``.</doc>
<arguments>
<arg>${CAMPO_OBRIGATORIO_SENHA}</arg>
</arguments>
<msg timestamp="20210324 20:38:05.301" level="INFO">Current page contains text 'O campo Senha é obrigatório.'.</msg>
<status status="PASS" starttime="20210324 20:38:05.281" endtime="20210324 20:38:05.301"></status>
</kw>
<status status="PASS" starttime="20210324 20:38:05.280" endtime="20210324 20:38:05.301"></status>
</kw>
<kw name="Close session" library="base" type="teardown">
<kw name="Capture Page Screenshot" library="SeleniumLibrary">
<doc>Takes a screenshot of the current page and embeds it into a log file.</doc>
<msg timestamp="20210324 20:38:05.717" level="INFO" html="yes">&lt;/td&gt;&lt;/tr&gt;&lt;tr&gt;&lt;td colspan="3"&gt;&lt;a href="selenium-screenshot-4.png"&gt;&lt;img src="selenium-screenshot-4.png" width="800px"&gt;&lt;/a&gt;</msg>
<status status="PASS" starttime="20210324 20:38:05.302" endtime="20210324 20:38:05.717"></status>
</kw>
<kw name="Close Browser" library="SeleniumLibrary">
<doc>Closes the current browser.</doc>
<status status="PASS" starttime="20210324 20:38:05.718" endtime="20210324 20:38:07.835"></status>
</kw>
<status status="PASS" starttime="20210324 20:38:05.302" endtime="20210324 20:38:07.835"></status>
</kw>
<status status="PASS" starttime="20210324 20:38:02.441" endtime="20210324 20:38:07.836" critical="yes"></status>
</test>
<test id="s1-t5" name="Validar campos vazios">
<kw name="Open session" library="base" type="setup">
<kw name="Open Browser" library="SeleniumLibrary">
<doc>Opens a new browser instance to the optional ``url``.</doc>
<arguments>
<arg>about:blank</arg>
<arg>chrome</arg>
</arguments>
<msg timestamp="20210324 20:38:07.840" level="INFO">Opening browser 'chrome' to base url 'about:blank'.</msg>
<status status="PASS" starttime="20210324 20:38:07.839" endtime="20210324 20:38:09.123"></status>
</kw>
<status status="PASS" starttime="20210324 20:38:07.839" endtime="20210324 20:38:09.124"></status>
</kw>
<kw name="Dado que acesso a página principal" library="elementos">
<kw name="Go To" library="SeleniumLibrary">
<doc>Navigates the current browser window to the provided ``url``.</doc>
<arguments>
<arg>${base_url}</arg>
</arguments>
<msg timestamp="20210324 20:38:09.125" level="INFO">Opening url 'http://prova.stefanini-jgr.com.br/teste/qa/'</msg>
<status status="PASS" starttime="20210324 20:38:09.125" endtime="20210324 20:38:10.389"></status>
</kw>
<status status="PASS" starttime="20210324 20:38:09.125" endtime="20210324 20:38:10.390"></status>
</kw>
<kw name="Clicar no BOTAO_CADASTRAR" library="elementos">
<kw name="Click Element" library="SeleniumLibrary">
<doc>Click the element identified by ``locator``.</doc>
<arguments>
<arg>${BOTAO_CADASTRAR}</arg>
</arguments>
<msg timestamp="20210324 20:38:10.391" level="INFO">Clicking element 'id:register'.</msg>
<status status="PASS" starttime="20210324 20:38:10.391" endtime="20210324 20:38:10.464"></status>
</kw>
<status status="PASS" starttime="20210324 20:38:10.390" endtime="20210324 20:38:10.465"></status>
</kw>
<kw name="Então devo ver mensagem dos campos obrigadorio" library="elementos">
<kw name="Page Should Contain" library="SeleniumLibrary">
<doc>Verifies that current page contains ``text``.</doc>
<arguments>
<arg>${CAMPO_OBRIGATORIO_NOME}</arg>
</arguments>
<msg timestamp="20210324 20:38:10.485" level="INFO">Current page contains text 'O campo Nome é obrigatório.'.</msg>
<status status="PASS" starttime="20210324 20:38:10.466" endtime="20210324 20:38:10.485"></status>
</kw>
<kw name="Page Should Contain" library="SeleniumLibrary">
<doc>Verifies that current page contains ``text``.</doc>
<arguments>
<arg>${CAMPO_OBRIGATORIO_EMAIL}</arg>
</arguments>
<msg timestamp="20210324 20:38:10.501" level="INFO">Current page contains text 'O campo E-mail é obrigatório.'.</msg>
<status status="PASS" starttime="20210324 20:38:10.485" endtime="20210324 20:38:10.501"></status>
</kw>
<kw name="Page Should Contain" library="SeleniumLibrary">
<doc>Verifies that current page contains ``text``.</doc>
<arguments>
<arg>${CAMPO_OBRIGATORIO_SENHA}</arg>
</arguments>
<msg timestamp="20210324 20:38:10.519" level="INFO">Current page contains text 'O campo Senha é obrigatório.'.</msg>
<status status="PASS" starttime="20210324 20:38:10.502" endtime="20210324 20:38:10.519"></status>
</kw>
<status status="PASS" starttime="20210324 20:38:10.466" endtime="20210324 20:38:10.519"></status>
</kw>
<kw name="Close session" library="base" type="teardown">
<kw name="Capture Page Screenshot" library="SeleniumLibrary">
<doc>Takes a screenshot of the current page and embeds it into a log file.</doc>
<msg timestamp="20210324 20:38:10.902" level="INFO" html="yes">&lt;/td&gt;&lt;/tr&gt;&lt;tr&gt;&lt;td colspan="3"&gt;&lt;a href="selenium-screenshot-5.png"&gt;&lt;img src="selenium-screenshot-5.png" width="800px"&gt;&lt;/a&gt;</msg>
<status status="PASS" starttime="20210324 20:38:10.521" endtime="20210324 20:38:10.903"></status>
</kw>
<kw name="Close Browser" library="SeleniumLibrary">
<doc>Closes the current browser.</doc>
<status status="PASS" starttime="20210324 20:38:10.903" endtime="20210324 20:38:13.017"></status>
</kw>
<status status="PASS" starttime="20210324 20:38:10.520" endtime="20210324 20:38:13.018"></status>
</kw>
<status status="PASS" starttime="20210324 20:38:07.838" endtime="20210324 20:38:13.018" critical="yes"></status>
</test>
<test id="s1-t6" name="Validar campo nome completo">
<kw name="Open session" library="base" type="setup">
<kw name="Open Browser" library="SeleniumLibrary">
<doc>Opens a new browser instance to the optional ``url``.</doc>
<arguments>
<arg>about:blank</arg>
<arg>chrome</arg>
</arguments>
<msg timestamp="20210324 20:38:13.021" level="INFO">Opening browser 'chrome' to base url 'about:blank'.</msg>
<status status="PASS" starttime="20210324 20:38:13.021" endtime="20210324 20:38:14.178"></status>
</kw>
<status status="PASS" starttime="20210324 20:38:13.021" endtime="20210324 20:38:14.178"></status>
</kw>
<kw name="Dado que acesso a página principal" library="elementos">
<kw name="Go To" library="SeleniumLibrary">
<doc>Navigates the current browser window to the provided ``url``.</doc>
<arguments>
<arg>${base_url}</arg>
</arguments>
<msg timestamp="20210324 20:38:14.180" level="INFO">Opening url 'http://prova.stefanini-jgr.com.br/teste/qa/'</msg>
<status status="PASS" starttime="20210324 20:38:14.179" endtime="20210324 20:38:15.443"></status>
</kw>
<status status="PASS" starttime="20210324 20:38:14.179" endtime="20210324 20:38:15.443"></status>
</kw>
<kw name="Quando submeto um nome nome incompleto" library="elementos">
<kw name="Input Text" library="SeleniumLibrary">
<doc>Types the given ``text`` into the text field identified by ``locator``.</doc>
<arguments>
<arg>${CAMPO_NOME}</arg>
<arg>${nome_incompleto}</arg>
</arguments>
<msg timestamp="20210324 20:38:15.444" level="INFO">Typing text 'Joao' into text field 'id:name'.</msg>
<status status="PASS" starttime="20210324 20:38:15.444" endtime="20210324 20:38:15.580"></status>
</kw>
<kw name="Input Text" library="SeleniumLibrary">
<doc>Types the given ``text`` into the text field identified by ``locator``.</doc>
<arguments>
<arg>${CAMPO_EMAIL}</arg>
<arg>${email}</arg>
</arguments>
<msg timestamp="20210324 20:38:15.580" level="INFO">Typing text 'email@exemplo.com' into text field 'id:email'.</msg>
<status status="PASS" starttime="20210324 20:38:15.580" endtime="20210324 20:38:15.694"></status>
</kw>
<kw name="Input Password" library="SeleniumLibrary">
<doc>Types the given password into the text field identified by ``locator``.</doc>
<arguments>
<arg>${CAMPO_SENHA}</arg>
<arg>${senha}</arg>
</arguments>
<msg timestamp="20210324 20:38:15.695" level="INFO">Typing password into text field 'id:password'.</msg>
<msg timestamp="20210324 20:38:15.734" level="INFO">Temporally setting log level to: NONE</msg>
<msg timestamp="20210324 20:38:15.790" level="INFO">Log level changed from NONE to INFO.</msg>
<status status="PASS" starttime="20210324 20:38:15.695" endtime="20210324 20:38:15.790"></status>
</kw>
<kw name="Click Element" library="SeleniumLibrary">
<doc>Click the element identified by ``locator``.</doc>
<arguments>
<arg>${BOTAO_CADASTRAR}</arg>
</arguments>
<msg timestamp="20210324 20:38:15.791" level="INFO">Clicking element 'id:register'.</msg>
<status status="PASS" starttime="20210324 20:38:15.791" endtime="20210324 20:38:15.848"></status>
</kw>
<status status="PASS" starttime="20210324 20:38:15.443" endtime="20210324 20:38:15.848"></status>
</kw>
<kw name="Então devo ver a mensagem de nome incompleto" library="elementos">
<kw name="Page Should Contain" library="SeleniumLibrary">
<doc>Verifies that current page contains ``text``.</doc>
<arguments>
<arg>${primeiro_nome}</arg>
</arguments>
<msg timestamp="20210324 20:38:15.867" level="INFO">Current page contains text 'Por favor, insira um nome completo.'.</msg>
<status status="PASS" starttime="20210324 20:38:15.850" endtime="20210324 20:38:15.867"></status>
</kw>
<status status="PASS" starttime="20210324 20:38:15.849" endtime="20210324 20:38:15.868"></status>
</kw>
<kw name="Close session" library="base" type="teardown">
<kw name="Capture Page Screenshot" library="SeleniumLibrary">
<doc>Takes a screenshot of the current page and embeds it into a log file.</doc>
<msg timestamp="20210324 20:38:16.260" level="INFO" html="yes">&lt;/td&gt;&lt;/tr&gt;&lt;tr&gt;&lt;td colspan="3"&gt;&lt;a href="selenium-screenshot-6.png"&gt;&lt;img src="selenium-screenshot-6.png" width="800px"&gt;&lt;/a&gt;</msg>
<status status="PASS" starttime="20210324 20:38:15.871" endtime="20210324 20:38:16.260"></status>
</kw>
<kw name="Close Browser" library="SeleniumLibrary">
<doc>Closes the current browser.</doc>
<status status="PASS" starttime="20210324 20:38:16.261" endtime="20210324 20:38:18.404"></status>
</kw>
<status status="PASS" starttime="20210324 20:38:15.869" endtime="20210324 20:38:18.405"></status>
</kw>
<status status="PASS" starttime="20210324 20:38:13.020" endtime="20210324 20:38:18.406" critical="yes"></status>
</test>
<test id="s1-t7" name="Validar campo email">
<kw name="Open session" library="base" type="setup">
<kw name="Open Browser" library="SeleniumLibrary">
<doc>Opens a new browser instance to the optional ``url``.</doc>
<arguments>
<arg>about:blank</arg>
<arg>chrome</arg>
</arguments>
<msg timestamp="20210324 20:38:18.410" level="INFO">Opening browser 'chrome' to base url 'about:blank'.</msg>
<status status="PASS" starttime="20210324 20:38:18.409" endtime="20210324 20:38:19.663"></status>
</kw>
<status status="PASS" starttime="20210324 20:38:18.409" endtime="20210324 20:38:19.663"></status>
</kw>
<kw name="Dado que acesso a página principal" library="elementos">
<kw name="Go To" library="SeleniumLibrary">
<doc>Navigates the current browser window to the provided ``url``.</doc>
<arguments>
<arg>${base_url}</arg>
</arguments>
<msg timestamp="20210324 20:38:19.666" level="INFO">Opening url 'http://prova.stefanini-jgr.com.br/teste/qa/'</msg>
<status status="PASS" starttime="20210324 20:38:19.665" endtime="20210324 20:38:20.897"></status>
</kw>
<status status="PASS" starttime="20210324 20:38:19.665" endtime="20210324 20:38:20.898"></status>
</kw>
<kw name="Quando submeto um email incorreto" library="elementos">
<kw name="Input Text" library="SeleniumLibrary">
<doc>Types the given ``text`` into the text field identified by ``locator``.</doc>
<arguments>
<arg>${CAMPO_NOME}</arg>
<arg>${nome}</arg>
</arguments>
<msg timestamp="20210324 20:38:20.899" level="INFO">Typing text 'João da Silva' into text field 'id:name'.</msg>
<status status="PASS" starttime="20210324 20:38:20.899" endtime="20210324 20:38:21.039"></status>
</kw>
<kw name="Input Text" library="SeleniumLibrary">
<doc>Types the given ``text`` into the text field identified by ``locator``.</doc>
<arguments>
<arg>${CAMPO_EMAIL}</arg>
<arg>${email_incorreto}</arg>
</arguments>
<msg timestamp="20210324 20:38:21.040" level="INFO">Typing text 'email.exemplo.com' into text field 'id:email'.</msg>
<status status="PASS" starttime="20210324 20:38:21.040" endtime="20210324 20:38:21.171"></status>
</kw>
<kw name="Input Password" library="SeleniumLibrary">
<doc>Types the given password into the text field identified by ``locator``.</doc>
<arguments>
<arg>${CAMPO_SENHA}</arg>
<arg>${senha}</arg>
</arguments>
<msg timestamp="20210324 20:38:21.172" level="INFO">Typing password into text field 'id:password'.</msg>
<msg timestamp="20210324 20:38:21.222" level="INFO">Temporally setting log level to: NONE</msg>
<msg timestamp="20210324 20:38:21.289" level="INFO">Log level changed from NONE to INFO.</msg>
<status status="PASS" starttime="20210324 20:38:21.171" endtime="20210324 20:38:21.289"></status>
</kw>
<kw name="Click Element" library="SeleniumLibrary">
<doc>Click the element identified by ``locator``.</doc>
<arguments>
<arg>${BOTAO_CADASTRAR}</arg>
</arguments>
<msg timestamp="20210324 20:38:21.290" level="INFO">Clicking element 'id:register'.</msg>
<status status="PASS" starttime="20210324 20:38:21.289" endtime="20210324 20:38:21.354"></status>
</kw>
<status status="PASS" starttime="20210324 20:38:20.898" endtime="20210324 20:38:21.354"></status>
</kw>
<kw name="Então devo ver a mensagem para inserir um email valido" library="elementos">
<kw name="Page Should Contain" library="SeleniumLibrary">
<doc>Verifies that current page contains ``text``.</doc>
<arguments>
<arg>${email_invalido}</arg>
</arguments>
<msg timestamp="20210324 20:38:21.375" level="INFO">Current page contains text 'Por favor, insira um e-mail válido.'.</msg>
<status status="PASS" starttime="20210324 20:38:21.356" endtime="20210324 20:38:21.375"></status>
</kw>
<status status="PASS" starttime="20210324 20:38:21.355" endtime="20210324 20:38:21.375"></status>
</kw>
<kw name="Close session" library="base" type="teardown">
<kw name="Capture Page Screenshot" library="SeleniumLibrary">
<doc>Takes a screenshot of the current page and embeds it into a log file.</doc>
<msg timestamp="20210324 20:38:21.793" level="INFO" html="yes">&lt;/td&gt;&lt;/tr&gt;&lt;tr&gt;&lt;td colspan="3"&gt;&lt;a href="selenium-screenshot-7.png"&gt;&lt;img src="selenium-screenshot-7.png" width="800px"&gt;&lt;/a&gt;</msg>
<status status="PASS" starttime="20210324 20:38:21.376" endtime="20210324 20:38:21.793"></status>
</kw>
<kw name="Close Browser" library="SeleniumLibrary">
<doc>Closes the current browser.</doc>
<status status="PASS" starttime="20210324 20:38:21.794" endtime="20210324 20:38:23.916"></status>
</kw>
<status status="PASS" starttime="20210324 20:38:21.376" endtime="20210324 20:38:23.917"></status>
</kw>
<status status="PASS" starttime="20210324 20:38:18.408" endtime="20210324 20:38:23.917" critical="yes"></status>
</test>
<test id="s1-t8" name="Validar campo senha incompativel">
<kw name="Open session" library="base" type="setup">
<kw name="Open Browser" library="SeleniumLibrary">
<doc>Opens a new browser instance to the optional ``url``.</doc>
<arguments>
<arg>about:blank</arg>
<arg>chrome</arg>
</arguments>
<msg timestamp="20210324 20:38:23.920" level="INFO">Opening browser 'chrome' to base url 'about:blank'.</msg>
<status status="PASS" starttime="20210324 20:38:23.920" endtime="20210324 20:38:25.106"></status>
</kw>
<status status="PASS" starttime="20210324 20:38:23.920" endtime="20210324 20:38:25.107"></status>
</kw>
<kw name="Dado que acesso a página principal" library="elementos">
<kw name="Go To" library="SeleniumLibrary">
<doc>Navigates the current browser window to the provided ``url``.</doc>
<arguments>
<arg>${base_url}</arg>
</arguments>
<msg timestamp="20210324 20:38:25.108" level="INFO">Opening url 'http://prova.stefanini-jgr.com.br/teste/qa/'</msg>
<status status="PASS" starttime="20210324 20:38:25.108" endtime="20210324 20:38:26.400"></status>
</kw>
<status status="PASS" starttime="20210324 20:38:25.108" endtime="20210324 20:38:26.400"></status>
</kw>
<kw name="Quando submeto uma senha senha incompativel" library="elementos">
<kw name="Input Text" library="SeleniumLibrary">
<doc>Types the given ``text`` into the text field identified by ``locator``.</doc>
<arguments>
<arg>${CAMPO_NOME}</arg>
<arg>${nome}</arg>
</arguments>
<msg timestamp="20210324 20:38:26.402" level="INFO">Typing text 'João da Silva' into text field 'id:name'.</msg>
<status status="PASS" starttime="20210324 20:38:26.401" endtime="20210324 20:38:26.542"></status>
</kw>
<kw name="Input Text" library="SeleniumLibrary">
<doc>Types the given ``text`` into the text field identified by ``locator``.</doc>
<arguments>
<arg>${CAMPO_EMAIL}</arg>
<arg>${email}</arg>
</arguments>
<msg timestamp="20210324 20:38:26.542" level="INFO">Typing text 'email@exemplo.com' into text field 'id:email'.</msg>
<status status="PASS" starttime="20210324 20:38:26.542" endtime="20210324 20:38:26.674"></status>
</kw>
<kw name="Input Password" library="SeleniumLibrary">
<doc>Types the given password into the text field identified by ``locator``.</doc>
<arguments>
<arg>${CAMPO_SENHA}</arg>
<arg>${senha_incompativel}</arg>
</arguments>
<msg timestamp="20210324 20:38:26.675" level="INFO">Typing password into text field 'id:password'.</msg>
<msg timestamp="20210324 20:38:26.725" level="INFO">Temporally setting log level to: NONE</msg>
<msg timestamp="20210324 20:38:26.785" level="INFO">Log level changed from NONE to INFO.</msg>
<status status="PASS" starttime="20210324 20:38:26.674" endtime="20210324 20:38:26.786"></status>
</kw>
<kw name="Click Element" library="SeleniumLibrary">
<doc>Click the element identified by ``locator``.</doc>
<arguments>
<arg>${BOTAO_CADASTRAR}</arg>
</arguments>
<msg timestamp="20210324 20:38:26.786" level="INFO">Clicking element 'id:register'.</msg>
<status status="PASS" starttime="20210324 20:38:26.786" endtime="20210324 20:38:26.848"></status>
</kw>
<status status="PASS" starttime="20210324 20:38:26.401" endtime="20210324 20:38:26.848"></status>
</kw>
<kw name="Então devo ver a mensagem que a senha deve conter no minimo 8 caracteres" library="elementos">
<kw name="Page Should Contain" library="SeleniumLibrary">
<doc>Verifies that current page contains ``text``.</doc>
<arguments>
<arg>${mensagem_senha_nao_compativel}</arg>
</arguments>
<msg timestamp="20210324 20:38:26.871" level="INFO">Current page contains text 'A senha deve conter ao menos 8 caracteres.'.</msg>
<status status="PASS" starttime="20210324 20:38:26.850" endtime="20210324 20:38:26.871"></status>
</kw>
<status status="PASS" starttime="20210324 20:38:26.850" endtime="20210324 20:38:26.871"></status>
</kw>
<kw name="Close session" library="base" type="teardown">
<kw name="Capture Page Screenshot" library="SeleniumLibrary">
<doc>Takes a screenshot of the current page and embeds it into a log file.</doc>
<msg timestamp="20210324 20:38:27.278" level="INFO" html="yes">&lt;/td&gt;&lt;/tr&gt;&lt;tr&gt;&lt;td colspan="3"&gt;&lt;a href="selenium-screenshot-8.png"&gt;&lt;img src="selenium-screenshot-8.png" width="800px"&gt;&lt;/a&gt;</msg>
<status status="PASS" starttime="20210324 20:38:26.872" endtime="20210324 20:38:27.279"></status>
</kw>
<kw name="Close Browser" library="SeleniumLibrary">
<doc>Closes the current browser.</doc>
<status status="PASS" starttime="20210324 20:38:27.279" endtime="20210324 20:38:29.401"></status>
</kw>
<status status="PASS" starttime="20210324 20:38:26.872" endtime="20210324 20:38:29.401"></status>
</kw>
<status status="PASS" starttime="20210324 20:38:23.919" endtime="20210324 20:38:29.402" critical="yes"></status>
</test>
<test id="s1-t9" name="Validar cadastro de usuario">
<kw name="Open session" library="base" type="setup">
<kw name="Open Browser" library="SeleniumLibrary">
<doc>Opens a new browser instance to the optional ``url``.</doc>
<arguments>
<arg>about:blank</arg>
<arg>chrome</arg>
</arguments>
<msg timestamp="20210324 20:38:29.405" level="INFO">Opening browser 'chrome' to base url 'about:blank'.</msg>
<status status="PASS" starttime="20210324 20:38:29.405" endtime="20210324 20:38:30.652"></status>
</kw>
<status status="PASS" starttime="20210324 20:38:29.405" endtime="20210324 20:38:30.653"></status>
</kw>
<kw name="Dado que acesso a página principal" library="elementos">
<kw name="Go To" library="SeleniumLibrary">
<doc>Navigates the current browser window to the provided ``url``.</doc>
<arguments>
<arg>${base_url}</arg>
</arguments>
<msg timestamp="20210324 20:38:30.655" level="INFO">Opening url 'http://prova.stefanini-jgr.com.br/teste/qa/'</msg>
<status status="PASS" starttime="20210324 20:38:30.654" endtime="20210324 20:38:31.904"></status>
</kw>
<status status="PASS" starttime="20210324 20:38:30.654" endtime="20210324 20:38:31.904"></status>
</kw>
<kw name="quando cadastro o primeiro usuario" library="elementos">
<kw name="Input Text" library="SeleniumLibrary">
<doc>Types the given ``text`` into the text field identified by ``locator``.</doc>
<arguments>
<arg>${CAMPO_NOME}</arg>
<arg>${nome}</arg>
</arguments>
<msg timestamp="20210324 20:38:31.905" level="INFO">Typing text 'João da Silva' into text field 'id:name'.</msg>
<status status="PASS" starttime="20210324 20:38:31.905" endtime="20210324 20:38:32.046"></status>
</kw>
<kw name="Input Text" library="SeleniumLibrary">
<doc>Types the given ``text`` into the text field identified by ``locator``.</doc>
<arguments>
<arg>${CAMPO_EMAIL}</arg>
<arg>${email}</arg>
</arguments>
<msg timestamp="20210324 20:38:32.047" level="INFO">Typing text 'email@exemplo.com' into text field 'id:email'.</msg>
<status status="PASS" starttime="20210324 20:38:32.047" endtime="20210324 20:38:32.180"></status>
</kw>
<kw name="Input Password" library="SeleniumLibrary">
<doc>Types the given password into the text field identified by ``locator``.</doc>
<arguments>
<arg>${CAMPO_SENHA}</arg>
<arg>${senha}</arg>
</arguments>
<msg timestamp="20210324 20:38:32.181" level="INFO">Typing password into text field 'id:password'.</msg>
<msg timestamp="20210324 20:38:32.231" level="INFO">Temporally setting log level to: NONE</msg>
<msg timestamp="20210324 20:38:32.296" level="INFO">Log level changed from NONE to INFO.</msg>
<status status="PASS" starttime="20210324 20:38:32.180" endtime="20210324 20:38:32.296"></status>
</kw>
<kw name="Click Element" library="SeleniumLibrary">
<doc>Click the element identified by ``locator``.</doc>
<arguments>
<arg>${BOTAO_CADASTRAR}</arg>
</arguments>
<msg timestamp="20210324 20:38:32.297" level="INFO">Clicking element 'id:register'.</msg>
<status status="PASS" starttime="20210324 20:38:32.296" endtime="20210324 20:38:32.364"></status>
</kw>
<kw name="Page Should Contain" library="SeleniumLibrary">
<doc>Verifies that current page contains ``text``.</doc>
<arguments>
<arg>1</arg>
</arguments>
<msg timestamp="20210324 20:38:32.384" level="INFO">Current page contains text '1'.</msg>
<status status="PASS" starttime="20210324 20:38:32.365" endtime="20210324 20:38:32.384"></status>
</kw>
<status status="PASS" starttime="20210324 20:38:31.905" endtime="20210324 20:38:32.384"></status>
</kw>
<kw name="E cadastro o segundo usuario" library="elementos">
<kw name="Input Text" library="SeleniumLibrary">
<doc>Types the given ``text`` into the text field identified by ``locator``.</doc>
<arguments>
<arg>${CAMPO_NOME}</arg>
<arg>${nome_usuario2}</arg>
</arguments>
<msg timestamp="20210324 20:38:32.385" level="INFO">Typing text 'Roberto Carlos da Silva' into text field 'id:name'.</msg>
<status status="PASS" starttime="20210324 20:38:32.385" endtime="20210324 20:38:32.492"></status>
</kw>
<kw name="Input Text" library="SeleniumLibrary">
<doc>Types the given ``text`` into the text field identified by ``locator``.</doc>
<arguments>
<arg>${CAMPO_EMAIL}</arg>
<arg>${email_usuario2}</arg>
</arguments>
<msg timestamp="20210324 20:38:32.492" level="INFO">Typing text 'robertinho.carlos@email.com' into text field 'id:email'.</msg>
<status status="PASS" starttime="20210324 20:38:32.492" endtime="20210324 20:38:32.602"></status>
</kw>
<kw name="Input Password" library="SeleniumLibrary">
<doc>Types the given password into the text field identified by ``locator``.</doc>
<arguments>
<arg>${CAMPO_SENHA}</arg>
<arg>${senha_usuario2}</arg>
</arguments>
<msg timestamp="20210324 20:38:32.603" level="INFO">Typing password into text field 'id:password'.</msg>
<msg timestamp="20210324 20:38:32.632" level="INFO">Temporally setting log level to: NONE</msg>
<msg timestamp="20210324 20:38:32.684" level="INFO">Log level changed from NONE to INFO.</msg>
<status status="PASS" starttime="20210324 20:38:32.602" endtime="20210324 20:38:32.684"></status>
</kw>
<kw name="Click Element" library="SeleniumLibrary">
<doc>Click the element identified by ``locator``.</doc>
<arguments>
<arg>${BOTAO_CADASTRAR}</arg>
</arguments>
<msg timestamp="20210324 20:38:32.684" level="INFO">Clicking element 'id:register'.</msg>
<status status="PASS" starttime="20210324 20:38:32.684" endtime="20210324 20:38:32.722"></status>
</kw>
<kw name="Set Focus To Element" library="SeleniumLibrary">
<doc>Sets the focus to the element identified by ``locator``.</doc>
<arguments>
<arg>id:tdUserId2</arg>
</arguments>
<status status="PASS" starttime="20210324 20:38:32.722" endtime="20210324 20:38:32.742"></status>
</kw>
<status status="PASS" starttime="20210324 20:38:32.385" endtime="20210324 20:38:32.742"></status>
</kw>
<kw name="Então o segundo usuario deve conter o id2" library="elementos">
<kw name="Page Should Contain" library="SeleniumLibrary">
<doc>Verifies that current page contains ``text``.</doc>
<arguments>
<arg>2</arg>
</arguments>
<msg timestamp="20210324 20:38:32.761" level="INFO">Current page contains text '2'.</msg>
<status status="PASS" starttime="20210324 20:38:32.743" endtime="20210324 20:38:32.761"></status>
</kw>
<status status="PASS" starttime="20210324 20:38:32.743" endtime="20210324 20:38:32.761"></status>
</kw>
<kw name="Close session" library="base" type="teardown">
<kw name="Capture Page Screenshot" library="SeleniumLibrary">
<doc>Takes a screenshot of the current page and embeds it into a log file.</doc>
<msg timestamp="20210324 20:38:33.135" level="INFO" html="yes">&lt;/td&gt;&lt;/tr&gt;&lt;tr&gt;&lt;td colspan="3"&gt;&lt;a href="selenium-screenshot-9.png"&gt;&lt;img src="selenium-screenshot-9.png" width="800px"&gt;&lt;/a&gt;</msg>
<status status="PASS" starttime="20210324 20:38:32.762" endtime="20210324 20:38:33.135"></status>
</kw>
<kw name="Close Browser" library="SeleniumLibrary">
<doc>Closes the current browser.</doc>
<status status="PASS" starttime="20210324 20:38:33.135" endtime="20210324 20:38:35.251"></status>
</kw>
<status status="PASS" starttime="20210324 20:38:32.762" endtime="20210324 20:38:35.251"></status>
</kw>
<status status="PASS" starttime="20210324 20:38:29.404" endtime="20210324 20:38:35.252" critical="yes"></status>
</test>
<test id="s1-t10" name="Realizar exclusão de um usuario">
<kw name="Open session" library="base" type="setup">
<kw name="Open Browser" library="SeleniumLibrary">
<doc>Opens a new browser instance to the optional ``url``.</doc>
<arguments>
<arg>about:blank</arg>
<arg>chrome</arg>
</arguments>
<msg timestamp="20210324 20:38:35.255" level="INFO">Opening browser 'chrome' to base url 'about:blank'.</msg>
<status status="PASS" starttime="20210324 20:38:35.255" endtime="20210324 20:38:36.501"></status>
</kw>
<status status="PASS" starttime="20210324 20:38:35.255" endtime="20210324 20:38:36.501"></status>
</kw>
<kw name="Dado que acesso a página principal" library="elementos">
<kw name="Go To" library="SeleniumLibrary">
<doc>Navigates the current browser window to the provided ``url``.</doc>
<arguments>
<arg>${base_url}</arg>
</arguments>
<msg timestamp="20210324 20:38:36.502" level="INFO">Opening url 'http://prova.stefanini-jgr.com.br/teste/qa/'</msg>
<status status="PASS" starttime="20210324 20:38:36.502" endtime="20210324 20:38:37.738"></status>
</kw>
<status status="PASS" starttime="20210324 20:38:36.502" endtime="20210324 20:38:37.739"></status>
</kw>
<kw name="quando cadastro o primeiro usuario" library="elementos">
<kw name="Input Text" library="SeleniumLibrary">
<doc>Types the given ``text`` into the text field identified by ``locator``.</doc>
<arguments>
<arg>${CAMPO_NOME}</arg>
<arg>${nome}</arg>
</arguments>
<msg timestamp="20210324 20:38:37.740" level="INFO">Typing text 'João da Silva' into text field 'id:name'.</msg>
<status status="PASS" starttime="20210324 20:38:37.740" endtime="20210324 20:38:37.870"></status>
</kw>
<kw name="Input Text" library="SeleniumLibrary">
<doc>Types the given ``text`` into the text field identified by ``locator``.</doc>
<arguments>
<arg>${CAMPO_EMAIL}</arg>
<arg>${email}</arg>
</arguments>
<msg timestamp="20210324 20:38:37.870" level="INFO">Typing text 'email@exemplo.com' into text field 'id:email'.</msg>
<status status="PASS" starttime="20210324 20:38:37.870" endtime="20210324 20:38:37.981"></status>
</kw>
<kw name="Input Password" library="SeleniumLibrary">
<doc>Types the given password into the text field identified by ``locator``.</doc>
<arguments>
<arg>${CAMPO_SENHA}</arg>
<arg>${senha}</arg>
</arguments>
<msg timestamp="20210324 20:38:37.981" level="INFO">Typing password into text field 'id:password'.</msg>
<msg timestamp="20210324 20:38:38.021" level="INFO">Temporally setting log level to: NONE</msg>
<msg timestamp="20210324 20:38:38.080" level="INFO">Log level changed from NONE to INFO.</msg>
<status status="PASS" starttime="20210324 20:38:37.981" endtime="20210324 20:38:38.080"></status>
</kw>
<kw name="Click Element" library="SeleniumLibrary">
<doc>Click the element identified by ``locator``.</doc>
<arguments>
<arg>${BOTAO_CADASTRAR}</arg>
</arguments>
<msg timestamp="20210324 20:38:38.081" level="INFO">Clicking element 'id:register'.</msg>
<status status="PASS" starttime="20210324 20:38:38.080" endtime="20210324 20:38:38.143"></status>
</kw>
<kw name="Page Should Contain" library="SeleniumLibrary">
<doc>Verifies that current page contains ``text``.</doc>
<arguments>
<arg>1</arg>
</arguments>
<msg timestamp="20210324 20:38:38.163" level="INFO">Current page contains text '1'.</msg>
<status status="PASS" starttime="20210324 20:38:38.143" endtime="20210324 20:38:38.164"></status>
</kw>
<status status="PASS" starttime="20210324 20:38:37.739" endtime="20210324 20:38:38.164"></status>
</kw>
<kw name="Então o segundo usuario deve conter o id2" library="elementos">
<kw name="Page Should Contain" library="SeleniumLibrary">
<doc>Verifies that current page contains ``text``.</doc>
<arguments>
<arg>2</arg>
</arguments>
<msg timestamp="20210324 20:38:38.177" level="INFO">Current page contains text '2'.</msg>
<status status="PASS" starttime="20210324 20:38:38.165" endtime="20210324 20:38:38.177"></status>
</kw>
<status status="PASS" starttime="20210324 20:38:38.164" endtime="20210324 20:38:38.178"></status>
</kw>
<kw name="E cadastro o segundo usuario" library="elementos">
<kw name="Input Text" library="SeleniumLibrary">
<doc>Types the given ``text`` into the text field identified by ``locator``.</doc>
<arguments>
<arg>${CAMPO_NOME}</arg>
<arg>${nome_usuario2}</arg>
</arguments>
<msg timestamp="20210324 20:38:38.179" level="INFO">Typing text 'Roberto Carlos da Silva' into text field 'id:name'.</msg>
<status status="PASS" starttime="20210324 20:38:38.178" endtime="20210324 20:38:38.280"></status>
</kw>
<kw name="Input Text" library="SeleniumLibrary">
<doc>Types the given ``text`` into the text field identified by ``locator``.</doc>
<arguments>
<arg>${CAMPO_EMAIL}</arg>
<arg>${email_usuario2}</arg>
</arguments>
<msg timestamp="20210324 20:38:38.281" level="INFO">Typing text 'robertinho.carlos@email.com' into text field 'id:email'.</msg>
<status status="PASS" starttime="20210324 20:38:38.281" endtime="20210324 20:38:38.390"></status>
</kw>
<kw name="Input Password" library="SeleniumLibrary">
<doc>Types the given password into the text field identified by ``locator``.</doc>
<arguments>
<arg>${CAMPO_SENHA}</arg>
<arg>${senha_usuario2}</arg>
</arguments>
<msg timestamp="20210324 20:38:38.390" level="INFO">Typing password into text field 'id:password'.</msg>
<msg timestamp="20210324 20:38:38.415" level="INFO">Temporally setting log level to: NONE</msg>
<msg timestamp="20210324 20:38:38.465" level="INFO">Log level changed from NONE to INFO.</msg>
<status status="PASS" starttime="20210324 20:38:38.390" endtime="20210324 20:38:38.465"></status>
</kw>
<kw name="Click Element" library="SeleniumLibrary">
<doc>Click the element identified by ``locator``.</doc>
<arguments>
<arg>${BOTAO_CADASTRAR}</arg>
</arguments>
<msg timestamp="20210324 20:38:38.466" level="INFO">Clicking element 'id:register'.</msg>
<status status="PASS" starttime="20210324 20:38:38.465" endtime="20210324 20:38:38.509"></status>
</kw>
<kw name="Set Focus To Element" library="SeleniumLibrary">
<doc>Sets the focus to the element identified by ``locator``.</doc>
<arguments>
<arg>id:tdUserId2</arg>
</arguments>
<status status="PASS" starttime="20210324 20:38:38.509" endtime="20210324 20:38:38.526"></status>
</kw>
<status status="PASS" starttime="20210324 20:38:38.178" endtime="20210324 20:38:38.526"></status>
</kw>
<kw name="e validar se usuario 2 foi excluido" library="elementos">
<kw name="Page Should Contain" library="SeleniumLibrary">
<doc>Verifies that current page contains ``text``.</doc>
<arguments>
<arg>2</arg>
</arguments>
<msg timestamp="20210324 20:38:38.538" level="INFO">Current page contains text '2'.</msg>
<status status="PASS" starttime="20210324 20:38:38.528" endtime="20210324 20:38:38.538"></status>
</kw>
<status status="PASS" starttime="20210324 20:38:38.526" endtime="20210324 20:38:38.538"></status>
</kw>
<kw name="Close session" library="base" type="teardown">
<kw name="Capture Page Screenshot" library="SeleniumLibrary">
<doc>Takes a screenshot of the current page and embeds it into a log file.</doc>
<msg timestamp="20210324 20:38:38.910" level="INFO" html="yes">&lt;/td&gt;&lt;/tr&gt;&lt;tr&gt;&lt;td colspan="3"&gt;&lt;a href="selenium-screenshot-10.png"&gt;&lt;img src="selenium-screenshot-10.png" width="800px"&gt;&lt;/a&gt;</msg>
<status status="PASS" starttime="20210324 20:38:38.539" endtime="20210324 20:38:38.910"></status>
</kw>
<kw name="Close Browser" library="SeleniumLibrary">
<doc>Closes the current browser.</doc>
<status status="PASS" starttime="20210324 20:38:38.910" endtime="20210324 20:38:41.838"></status>
</kw>
<status status="PASS" starttime="20210324 20:38:38.539" endtime="20210324 20:38:41.838"></status>
</kw>
<status status="PASS" starttime="20210324 20:38:35.254" endtime="20210324 20:38:41.839" critical="yes"></status>
</test>
<status status="PASS" starttime="20210324 20:37:46.272" endtime="20210324 20:38:41.842"></status>
</suite>
<statistics>
<total>
<stat pass="10" fail="0">Critical Tests</stat>
<stat pass="10" fail="0">All Tests</stat>
</total>
<tag>
</tag>
<suite>
<stat pass="10" fail="0" id="s1" name="Cadastro">Cadastro</stat>
</suite>
</statistics>
<errors>
</errors>
</robot>
